<?xml version="1.0" encoding="UTF-8"?>
<testng-results skipped="0" failed="0" ignored="0" total="1" passed="1">
  <reporter-output>
  </reporter-output>
  <suite name="Suite" duration-ms="50" started-at="2021-03-25T21:56:51 IST" finished-at="2021-03-25T21:56:51 IST">
    <groups>
    </groups>
    <test name="Test" duration-ms="50" started-at="2021-03-25T21:56:51 IST" finished-at="2021-03-25T21:56:51 IST">
      <class name="com.crm.lead.Test">
        <test-method status="PASS" signature="test()[pri:0, instance:com.crm.lead.Test@56ef9176]" name="test" duration-ms="7" started-at="2021-03-25T21:56:51 IST" finished-at="2021-03-25T21:56:51 IST">
          <reporter-output>
          </reporter-output>
        </test-method> <!-- test -->
      </class> <!-- com.crm.lead.Test -->
    </test> <!-- Test -->
  </suite> <!-- Suite -->
</testng-results>
