<?xml version="1.0" encoding="UTF-8"?>
<!-- Generated by org.testng.reporters.JUnitXMLReporter -->
<testsuite hostname="DESKTOP-9CFC3NS" ignored="1" name="Surefire test" tests="2" failures="0" timestamp="2021-03-25T21:46:46 IST" time="0.058" errors="0">
  <testcase name="createlead" time="0.002" classname="com.crm.lead.CreateLeadTest"/>
  <testcase name="createleadwithcontact" time="0.0" classname="com.crm.lead.CreateLeadTest"/>
  <testcase name="test" time="0.0" classname="com.crm.lead.Test">
    <ignored/>
  </testcase> <!-- test -->
</testsuite> <!-- Surefire test -->
